<?xml version="1.0" encoding="UTF-8"?>
<testsuite xmlns:xsi="http://www.w3.org/2001/XMLSchema-instance" xsi:noNamespaceSchemaLocation="https://maven.apache.org/surefire/maven-surefire-plugin/xsd/surefire-test-report-3.0.xsd" version="3.0" name="TestSuite" time="9.707" tests="1" errors="0" skipped="0" failures="0">
  <properties>
    <property name="gopherProxySet" value="false"/>
    <property name="awt.toolkit" value="sun.lwawt.macosx.LWCToolkit"/>
    <property name="file.encoding.pkg" value="sun.io"/>
    <property name="java.specification.version" value="1.8"/>
    <property name="webdriver.chrome.driver" value="/Users/otkurghojash/.m2/repository/webdriver/chromedriver/mac64/80.0.3987.106/chromedriver"/>
    <property name="sun.cpu.isalist" value=""/>
    <property name="sun.jnu.encoding" value="UTF-8"/>
    <property name="java.class.path" value="/Users/otkurghojash/eclipse-workspace/JenkinsCI/target/test-classes:/Users/otkurghojash/eclipse-workspace/JenkinsCI/target/classes:/Users/otkurghojash/.m2/repository/org/seleniumhq/selenium/selenium-java/4.0.0-alpha-3/selenium-java-4.0.0-alpha-3.jar:/Users/otkurghojash/.m2/repository/org/seleniumhq/selenium/selenium-api/4.0.0-alpha-3/selenium-api-4.0.0-alpha-3.jar:/Users/otkurghojash/.m2/repository/org/seleniumhq/selenium/selenium-chrome-driver/4.0.0-alpha-3/selenium-chrome-driver-4.0.0-alpha-3.jar:/Users/otkurghojash/.m2/repository/com/google/guava/guava/27.1-jre/guava-27.1-jre.jar:/Users/otkurghojash/.m2/repository/com/google/guava/failureaccess/1.0.1/failureaccess-1.0.1.jar:/Users/otkurghojash/.m2/repository/com/google/guava/listenablefuture/9999.0-empty-to-avoid-conflict-with-guava/listenablefuture-9999.0-empty-to-avoid-conflict-with-guava.jar:/Users/otkurghojash/.m2/repository/com/google/code/findbugs/jsr305/3.0.2/jsr305-3.0.2.jar:/Users/otkurghojash/.m2/repository/org/checkerframework/checker-qual/2.5.2/checker-qual-2.5.2.jar:/Users/otkurghojash/.m2/repository/com/google/errorprone/error_prone_annotations/2.2.0/error_prone_annotations-2.2.0.jar:/Users/otkurghojash/.m2/repository/com/google/j2objc/j2objc-annotations/1.1/j2objc-annotations-1.1.jar:/Users/otkurghojash/.m2/repository/org/codehaus/mojo/animal-sniffer-annotations/1.17/animal-sniffer-annotations-1.17.jar:/Users/otkurghojash/.m2/repository/org/seleniumhq/selenium/selenium-chromium-driver/4.0.0-alpha-3/selenium-chromium-driver-4.0.0-alpha-3.jar:/Users/otkurghojash/.m2/repository/org/seleniumhq/selenium/selenium-devtools/4.0.0-alpha-3/selenium-devtools-4.0.0-alpha-3.jar:/Users/otkurghojash/.m2/repository/org/seleniumhq/selenium/selenium-http/4.0.0-alpha-3/selenium-http-4.0.0-alpha-3.jar:/Users/otkurghojash/.m2/repository/org/seleniumhq/selenium/selenium-json/4.0.0-alpha-3/selenium-json-4.0.0-alpha-3.jar:/Users/otkurghojash/.m2/repository/org/seleniumhq/selenium/selenium-edge-driver/4.0.0-alpha-3/selenium-edge-driver-4.0.0-alpha-3.jar:/Users/otkurghojash/.m2/repository/org/seleniumhq/selenium/selenium-edgehtml-driver/4.0.0-alpha-3/selenium-edgehtml-driver-4.0.0-alpha-3.jar:/Users/otkurghojash/.m2/repository/org/seleniumhq/selenium/selenium-firefox-driver/4.0.0-alpha-3/selenium-firefox-driver-4.0.0-alpha-3.jar:/Users/otkurghojash/.m2/repository/org/seleniumhq/selenium/selenium-firefox-xpi-driver/4.0.0-alpha-3/selenium-firefox-xpi-driver-4.0.0-alpha-3.jar:/Users/otkurghojash/.m2/repository/org/seleniumhq/selenium/selenium-ie-driver/4.0.0-alpha-3/selenium-ie-driver-4.0.0-alpha-3.jar:/Users/otkurghojash/.m2/repository/org/seleniumhq/selenium/selenium-opera-driver/4.0.0-alpha-3/selenium-opera-driver-4.0.0-alpha-3.jar:/Users/otkurghojash/.m2/repository/org/seleniumhq/selenium/selenium-remote-driver/4.0.0-alpha-3/selenium-remote-driver-4.0.0-alpha-3.jar:/Users/otkurghojash/.m2/repository/com/squareup/okhttp3/okhttp/4.0.1/okhttp-4.0.1.jar:/Users/otkurghojash/.m2/repository/com/squareup/okio/okio/2.2.2/okio-2.2.2.jar:/Users/otkurghojash/.m2/repository/org/jetbrains/kotlin/kotlin-stdlib/1.3.40/kotlin-stdlib-1.3.40.jar:/Users/otkurghojash/.m2/repository/org/jetbrains/kotlin/kotlin-stdlib-common/1.3.40/kotlin-stdlib-common-1.3.40.jar:/Users/otkurghojash/.m2/repository/org/jetbrains/annotations/13.0/annotations-13.0.jar:/Users/otkurghojash/.m2/repository/io/opentracing/opentracing-api/0.33.0/opentracing-api-0.33.0.jar:/Users/otkurghojash/.m2/repository/net/bytebuddy/byte-buddy/1.9.12/byte-buddy-1.9.12.jar:/Users/otkurghojash/.m2/repository/org/seleniumhq/selenium/selenium-safari-driver/4.0.0-alpha-3/selenium-safari-driver-4.0.0-alpha-3.jar:/Users/otkurghojash/.m2/repository/org/seleniumhq/selenium/selenium-support/4.0.0-alpha-3/selenium-support-4.0.0-alpha-3.jar:/Users/otkurghojash/.m2/repository/io/github/bonigarcia/webdrivermanager/3.7.1/webdrivermanager-3.7.1.jar:/Users/otkurghojash/.m2/repository/org/slf4j/slf4j-api/1.7.25/slf4j-api-1.7.25.jar:/Users/otkurghojash/.m2/repository/commons-io/commons-io/2.6/commons-io-2.6.jar:/Users/otkurghojash/.m2/repository/org/apache/commons/commons-lang3/3.8.1/commons-lang3-3.8.1.jar:/Users/otkurghojash/.m2/repository/org/apache/httpcomponents/httpclient/4.5.6/httpclient-4.5.6.jar:/Users/otkurghojash/.m2/repository/org/apache/httpcomponents/httpcore/4.4.10/httpcore-4.4.10.jar:/Users/otkurghojash/.m2/repository/commons-logging/commons-logging/1.2/commons-logging-1.2.jar:/Users/otkurghojash/.m2/repository/org/rauschig/jarchivelib/1.0.0/jarchivelib-1.0.0.jar:/Users/otkurghojash/.m2/repository/org/jsoup/jsoup/1.11.3/jsoup-1.11.3.jar:/Users/otkurghojash/.m2/repository/org/apache/maven/maven-plugin-api/3.6.3/maven-plugin-api-3.6.3.jar:/Users/otkurghojash/.m2/repository/org/apache/maven/maven-model/3.6.3/maven-model-3.6.3.jar:/Users/otkurghojash/.m2/repository/org/apache/maven/maven-artifact/3.6.3/maven-artifact-3.6.3.jar:/Users/otkurghojash/.m2/repository/org/eclipse/sisu/org.eclipse.sisu.plexus/0.3.4/org.eclipse.sisu.plexus-0.3.4.jar:/Users/otkurghojash/.m2/repository/javax/enterprise/cdi-api/1.0/cdi-api-1.0.jar:/Users/otkurghojash/.m2/repository/javax/annotation/jsr250-api/1.0/jsr250-api-1.0.jar:/Users/otkurghojash/.m2/repository/javax/inject/javax.inject/1/javax.inject-1.jar:/Users/otkurghojash/.m2/repository/org/eclipse/sisu/org.eclipse.sisu.inject/0.3.4/org.eclipse.sisu.inject-0.3.4.jar:/Users/otkurghojash/.m2/repository/org/codehaus/plexus/plexus-component-annotations/1.5.5/plexus-component-annotations-1.5.5.jar:/Users/otkurghojash/.m2/repository/org/codehaus/plexus/plexus-utils/3.2.1/plexus-utils-3.2.1.jar:/Users/otkurghojash/.m2/repository/org/codehaus/plexus/plexus-classworlds/2.6.0/plexus-classworlds-2.6.0.jar:/Users/otkurghojash/.m2/repository/org/testng/testng/7.0.0/testng-7.0.0.jar:/Users/otkurghojash/.m2/repository/com/beust/jcommander/1.72/jcommander-1.72.jar:/Users/otkurghojash/.m2/repository/com/aventstack/extentreports/4.0.0/extentreports-4.0.0.jar:/Users/otkurghojash/.m2/repository/org/freemarker/freemarker/2.3.23/freemarker-2.3.23.jar:/Users/otkurghojash/.m2/repository/org/mongodb/mongodb-driver/3.3.0/mongodb-driver-3.3.0.jar:/Users/otkurghojash/.m2/repository/org/mongodb/mongodb-driver-core/3.3.0/mongodb-driver-core-3.3.0.jar:/Users/otkurghojash/.m2/repository/org/mongodb/bson/3.3.0/bson-3.3.0.jar:/Users/otkurghojash/.m2/repository/org/apache/httpcomponents/httpmime/4.5.2/httpmime-4.5.2.jar:/Users/otkurghojash/.m2/repository/org/slf4j/slf4j-nop/1.7.28/slf4j-nop-1.7.28.jar:/Users/otkurghojash/.m2/repository/com/sikulix/sikulixapi/1.1.2/sikulixapi-1.1.2.jar:/Users/otkurghojash/.m2/repository/commons-cli/commons-cli/1.2/commons-cli-1.2.jar:/Users/otkurghojash/.m2/repository/org/apache/commons/commons-exec/1.3/commons-exec-1.3.jar:/Users/otkurghojash/.m2/repository/commons-net/commons-net/3.4/commons-net-3.4.jar:/Users/otkurghojash/.m2/repository/com/github/tulskiy/jkeymaster/1.2/jkeymaster-1.2.jar:/Users/otkurghojash/.m2/repository/net/java/dev/jna/jna/4.2.1/jna-4.2.1.jar:/Users/otkurghojash/.m2/repository/com/melloware/jintellitype/1.3.7/jintellitype-1.3.7.jar:/Users/otkurghojash/.m2/repository/com/nativelibs4java/bridj/0.7.0/bridj-0.7.0.jar:/Users/otkurghojash/.m2/repository/com/google/android/tools/dx/1.7/dx-1.7.jar:/Users/otkurghojash/.m2/repository/com/sikulix/sikulixlibsmac/1.1.1/sikulixlibsmac-1.1.1.jar:/Users/otkurghojash/.m2/repository/com/sikulix/sikulix2tigervnc/2.0.0-SNAPSHOT/sikulix2tigervnc-2.0.0-SNAPSHOT.jar:/Users/otkurghojash/.m2/repository/org/seleniumhq/selenium/selenium-htmlunit-driver/2.52.0/selenium-htmlunit-driver-2.52.0.jar:/Users/otkurghojash/.m2/repository/net/sourceforge/htmlunit/htmlunit/2.18/htmlunit-2.18.jar:/Users/otkurghojash/.m2/repository/xalan/xalan/2.7.2/xalan-2.7.2.jar:/Users/otkurghojash/.m2/repository/xalan/serializer/2.7.2/serializer-2.7.2.jar:/Users/otkurghojash/.m2/repository/net/sourceforge/htmlunit/htmlunit-core-js/2.17/htmlunit-core-js-2.17.jar:/Users/otkurghojash/.m2/repository/xerces/xercesImpl/2.11.0/xercesImpl-2.11.0.jar:/Users/otkurghojash/.m2/repository/xml-apis/xml-apis/1.4.01/xml-apis-1.4.01.jar:/Users/otkurghojash/.m2/repository/net/sourceforge/nekohtml/nekohtml/1.9.22/nekohtml-1.9.22.jar:/Users/otkurghojash/.m2/repository/net/sourceforge/cssparser/cssparser/0.9.16/cssparser-0.9.16.jar:/Users/otkurghojash/.m2/repository/org/w3c/css/sac/1.3/sac-1.3.jar:/Users/otkurghojash/.m2/repository/org/eclipse/jetty/websocket/websocket-client/9.2.12.v20150709/websocket-client-9.2.12.v20150709.jar:/Users/otkurghojash/.m2/repository/org/eclipse/jetty/jetty-util/9.2.12.v20150709/jetty-util-9.2.12.v20150709.jar:/Users/otkurghojash/.m2/repository/org/eclipse/jetty/jetty-io/9.2.12.v20150709/jetty-io-9.2.12.v20150709.jar:/Users/otkurghojash/.m2/repository/org/eclipse/jetty/websocket/websocket-common/9.2.12.v20150709/websocket-common-9.2.12.v20150709.jar:/Users/otkurghojash/.m2/repository/org/eclipse/jetty/websocket/websocket-api/9.2.12.v20150709/websocket-api-9.2.12.v20150709.jar:/Users/otkurghojash/.m2/repository/commons-collections/commons-collections/3.2.2/commons-collections-3.2.2.jar:/Users/otkurghojash/.m2/repository/com/google/zxing/core/3.4.0/core-3.4.0.jar:/Users/otkurghojash/.m2/repository/com/google/zxing/javase/3.4.0/javase-3.4.0.jar:/Users/otkurghojash/.m2/repository/com/github/jai-imageio/jai-imageio-core/1.4.0/jai-imageio-core-1.4.0.jar:/Users/otkurghojash/.m2/repository/org/apache/poi/poi/4.1.1/poi-4.1.1.jar:/Users/otkurghojash/.m2/repository/commons-codec/commons-codec/1.13/commons-codec-1.13.jar:/Users/otkurghojash/.m2/repository/org/apache/commons/commons-collections4/4.4/commons-collections4-4.4.jar:/Users/otkurghojash/.m2/repository/org/apache/commons/commons-math3/3.6.1/commons-math3-3.6.1.jar:/Users/otkurghojash/.m2/repository/org/apache/poi/poi-ooxml/4.1.1/poi-ooxml-4.1.1.jar:/Users/otkurghojash/.m2/repository/org/apache/poi/poi-ooxml-schemas/4.1.1/poi-ooxml-schemas-4.1.1.jar:/Users/otkurghojash/.m2/repository/org/apache/xmlbeans/xmlbeans/3.1.0/xmlbeans-3.1.0.jar:/Users/otkurghojash/.m2/repository/org/apache/commons/commons-compress/1.19/commons-compress-1.19.jar:/Users/otkurghojash/.m2/repository/com/github/virtuald/curvesapi/1.06/curvesapi-1.06.jar:/Users/otkurghojash/.m2/repository/net/sourceforge/jexcelapi/jxl/2.6.12/jxl-2.6.12.jar:/Users/otkurghojash/.m2/repository/log4j/log4j/1.2.14/log4j-1.2.14.jar:/Users/otkurghojash/.m2/repository/ru/yandex/qatools/ashot/ashot/1.5.3/ashot-1.5.3.jar:/Users/otkurghojash/.m2/repository/org/hamcrest/hamcrest-core/1.3/hamcrest-core-1.3.jar:/Users/otkurghojash/.m2/repository/com/googlecode/lambdaj/lambdaj/2.3.3/lambdaj-2.3.3.jar:/Users/otkurghojash/.m2/repository/org/objenesis/objenesis/1.2/objenesis-1.2.jar:/Users/otkurghojash/.m2/repository/cglib/cglib-nodep/2.2/cglib-nodep-2.2.jar:/Users/otkurghojash/.m2/repository/com/google/code/gson/gson/2.8.6/gson-2.8.6.jar:/Users/otkurghojash/.m2/repository/org/hamcrest/hamcrest-all/1.3/hamcrest-all-1.3.jar:/Users/otkurghojash/.m2/repository/com/github/stephenc/monte/monte-screen-recorder/0.7.7.0/monte-screen-recorder-0.7.7.0.jar:/Users/otkurghojash/.m2/repository/com/fasterxml/jackson/core/jackson-databind/2.9.4/jackson-databind-2.9.4.jar:/Users/otkurghojash/.m2/repository/com/fasterxml/jackson/core/jackson-annotations/2.9.0/jackson-annotations-2.9.0.jar:/Users/otkurghojash/.m2/repository/com/fasterxml/jackson/core/jackson-core/2.9.4/jackson-core-2.9.4.jar:"/>
    <property name="java.vm.vendor" value="AdoptOpenJDK"/>
    <property name="sun.arch.data.model" value="64"/>
    <property name="java.vendor.url" value="http://java.oracle.com/"/>
    <property name="user.timezone" value="America/New_York"/>
    <property name="java.vm.specification.version" value="1.8"/>
    <property name="os.name" value="Mac OS X"/>
    <property name="user.country" value="US"/>
    <property name="sun.java.launcher" value="SUN_STANDARD"/>
    <property name="sun.boot.library.path" value="/Library/Java/JavaVirtualMachines/adoptopenjdk-8.jdk/Contents/Home/jre/lib"/>
    <property name="sun.java.command" value="/Users/otkurghojash/eclipse-workspace/JenkinsCI/target/surefire/surefirebooter9086022346123990802.jar /Users/otkurghojash/eclipse-workspace/JenkinsCI/target/surefire 2020-04-03T10-08-29_507-jvmRun1 surefire6829323196131694251tmp surefire_03300540210061064734tmp"/>
    <property name="http.nonProxyHosts" value="local|*.local|169.254/16|*.169.254/16"/>
    <property name="surefire.test.class.path" value="/Users/otkurghojash/eclipse-workspace/JenkinsCI/target/test-classes:/Users/otkurghojash/eclipse-workspace/JenkinsCI/target/classes:/Users/otkurghojash/.m2/repository/org/seleniumhq/selenium/selenium-java/4.0.0-alpha-3/selenium-java-4.0.0-alpha-3.jar:/Users/otkurghojash/.m2/repository/org/seleniumhq/selenium/selenium-api/4.0.0-alpha-3/selenium-api-4.0.0-alpha-3.jar:/Users/otkurghojash/.m2/repository/org/seleniumhq/selenium/selenium-chrome-driver/4.0.0-alpha-3/selenium-chrome-driver-4.0.0-alpha-3.jar:/Users/otkurghojash/.m2/repository/com/google/guava/guava/27.1-jre/guava-27.1-jre.jar:/Users/otkurghojash/.m2/repository/com/google/guava/failureaccess/1.0.1/failureaccess-1.0.1.jar:/Users/otkurghojash/.m2/repository/com/google/guava/listenablefuture/9999.0-empty-to-avoid-conflict-with-guava/listenablefuture-9999.0-empty-to-avoid-conflict-with-guava.jar:/Users/otkurghojash/.m2/repository/com/google/code/findbugs/jsr305/3.0.2/jsr305-3.0.2.jar:/Users/otkurghojash/.m2/repository/org/checkerframework/checker-qual/2.5.2/checker-qual-2.5.2.jar:/Users/otkurghojash/.m2/repository/com/google/errorprone/error_prone_annotations/2.2.0/error_prone_annotations-2.2.0.jar:/Users/otkurghojash/.m2/repository/com/google/j2objc/j2objc-annotations/1.1/j2objc-annotations-1.1.jar:/Users/otkurghojash/.m2/repository/org/codehaus/mojo/animal-sniffer-annotations/1.17/animal-sniffer-annotations-1.17.jar:/Users/otkurghojash/.m2/repository/org/seleniumhq/selenium/selenium-chromium-driver/4.0.0-alpha-3/selenium-chromium-driver-4.0.0-alpha-3.jar:/Users/otkurghojash/.m2/repository/org/seleniumhq/selenium/selenium-devtools/4.0.0-alpha-3/selenium-devtools-4.0.0-alpha-3.jar:/Users/otkurghojash/.m2/repository/org/seleniumhq/selenium/selenium-http/4.0.0-alpha-3/selenium-http-4.0.0-alpha-3.jar:/Users/otkurghojash/.m2/repository/org/seleniumhq/selenium/selenium-json/4.0.0-alpha-3/selenium-json-4.0.0-alpha-3.jar:/Users/otkurghojash/.m2/repository/org/seleniumhq/selenium/selenium-edge-driver/4.0.0-alpha-3/selenium-edge-driver-4.0.0-alpha-3.jar:/Users/otkurghojash/.m2/repository/org/seleniumhq/selenium/selenium-edgehtml-driver/4.0.0-alpha-3/selenium-edgehtml-driver-4.0.0-alpha-3.jar:/Users/otkurghojash/.m2/repository/org/seleniumhq/selenium/selenium-firefox-driver/4.0.0-alpha-3/selenium-firefox-driver-4.0.0-alpha-3.jar:/Users/otkurghojash/.m2/repository/org/seleniumhq/selenium/selenium-firefox-xpi-driver/4.0.0-alpha-3/selenium-firefox-xpi-driver-4.0.0-alpha-3.jar:/Users/otkurghojash/.m2/repository/org/seleniumhq/selenium/selenium-ie-driver/4.0.0-alpha-3/selenium-ie-driver-4.0.0-alpha-3.jar:/Users/otkurghojash/.m2/repository/org/seleniumhq/selenium/selenium-opera-driver/4.0.0-alpha-3/selenium-opera-driver-4.0.0-alpha-3.jar:/Users/otkurghojash/.m2/repository/org/seleniumhq/selenium/selenium-remote-driver/4.0.0-alpha-3/selenium-remote-driver-4.0.0-alpha-3.jar:/Users/otkurghojash/.m2/repository/com/squareup/okhttp3/okhttp/4.0.1/okhttp-4.0.1.jar:/Users/otkurghojash/.m2/repository/com/squareup/okio/okio/2.2.2/okio-2.2.2.jar:/Users/otkurghojash/.m2/repository/org/jetbrains/kotlin/kotlin-stdlib/1.3.40/kotlin-stdlib-1.3.40.jar:/Users/otkurghojash/.m2/repository/org/jetbrains/kotlin/kotlin-stdlib-common/1.3.40/kotlin-stdlib-common-1.3.40.jar:/Users/otkurghojash/.m2/repository/org/jetbrains/annotations/13.0/annotations-13.0.jar:/Users/otkurghojash/.m2/repository/io/opentracing/opentracing-api/0.33.0/opentracing-api-0.33.0.jar:/Users/otkurghojash/.m2/repository/net/bytebuddy/byte-buddy/1.9.12/byte-buddy-1.9.12.jar:/Users/otkurghojash/.m2/repository/org/seleniumhq/selenium/selenium-safari-driver/4.0.0-alpha-3/selenium-safari-driver-4.0.0-alpha-3.jar:/Users/otkurghojash/.m2/repository/org/seleniumhq/selenium/selenium-support/4.0.0-alpha-3/selenium-support-4.0.0-alpha-3.jar:/Users/otkurghojash/.m2/repository/io/github/bonigarcia/webdrivermanager/3.7.1/webdrivermanager-3.7.1.jar:/Users/otkurghojash/.m2/repository/org/slf4j/slf4j-api/1.7.25/slf4j-api-1.7.25.jar:/Users/otkurghojash/.m2/repository/commons-io/commons-io/2.6/commons-io-2.6.jar:/Users/otkurghojash/.m2/repository/org/apache/commons/commons-lang3/3.8.1/commons-lang3-3.8.1.jar:/Users/otkurghojash/.m2/repository/org/apache/httpcomponents/httpclient/4.5.6/httpclient-4.5.6.jar:/Users/otkurghojash/.m2/repository/org/apache/httpcomponents/httpcore/4.4.10/httpcore-4.4.10.jar:/Users/otkurghojash/.m2/repository/commons-logging/commons-logging/1.2/commons-logging-1.2.jar:/Users/otkurghojash/.m2/repository/org/rauschig/jarchivelib/1.0.0/jarchivelib-1.0.0.jar:/Users/otkurghojash/.m2/repository/org/jsoup/jsoup/1.11.3/jsoup-1.11.3.jar:/Users/otkurghojash/.m2/repository/org/apache/maven/maven-plugin-api/3.6.3/maven-plugin-api-3.6.3.jar:/Users/otkurghojash/.m2/repository/org/apache/maven/maven-model/3.6.3/maven-model-3.6.3.jar:/Users/otkurghojash/.m2/repository/org/apache/maven/maven-artifact/3.6.3/maven-artifact-3.6.3.jar:/Users/otkurghojash/.m2/repository/org/eclipse/sisu/org.eclipse.sisu.plexus/0.3.4/org.eclipse.sisu.plexus-0.3.4.jar:/Users/otkurghojash/.m2/repository/javax/enterprise/cdi-api/1.0/cdi-api-1.0.jar:/Users/otkurghojash/.m2/repository/javax/annotation/jsr250-api/1.0/jsr250-api-1.0.jar:/Users/otkurghojash/.m2/repository/javax/inject/javax.inject/1/javax.inject-1.jar:/Users/otkurghojash/.m2/repository/org/eclipse/sisu/org.eclipse.sisu.inject/0.3.4/org.eclipse.sisu.inject-0.3.4.jar:/Users/otkurghojash/.m2/repository/org/codehaus/plexus/plexus-component-annotations/1.5.5/plexus-component-annotations-1.5.5.jar:/Users/otkurghojash/.m2/repository/org/codehaus/plexus/plexus-utils/3.2.1/plexus-utils-3.2.1.jar:/Users/otkurghojash/.m2/repository/org/codehaus/plexus/plexus-classworlds/2.6.0/plexus-classworlds-2.6.0.jar:/Users/otkurghojash/.m2/repository/org/testng/testng/7.0.0/testng-7.0.0.jar:/Users/otkurghojash/.m2/repository/com/beust/jcommander/1.72/jcommander-1.72.jar:/Users/otkurghojash/.m2/repository/com/aventstack/extentreports/4.0.0/extentreports-4.0.0.jar:/Users/otkurghojash/.m2/repository/org/freemarker/freemarker/2.3.23/freemarker-2.3.23.jar:/Users/otkurghojash/.m2/repository/org/mongodb/mongodb-driver/3.3.0/mongodb-driver-3.3.0.jar:/Users/otkurghojash/.m2/repository/org/mongodb/mongodb-driver-core/3.3.0/mongodb-driver-core-3.3.0.jar:/Users/otkurghojash/.m2/repository/org/mongodb/bson/3.3.0/bson-3.3.0.jar:/Users/otkurghojash/.m2/repository/org/apache/httpcomponents/httpmime/4.5.2/httpmime-4.5.2.jar:/Users/otkurghojash/.m2/repository/org/slf4j/slf4j-nop/1.7.28/slf4j-nop-1.7.28.jar:/Users/otkurghojash/.m2/repository/com/sikulix/sikulixapi/1.1.2/sikulixapi-1.1.2.jar:/Users/otkurghojash/.m2/repository/commons-cli/commons-cli/1.2/commons-cli-1.2.jar:/Users/otkurghojash/.m2/repository/org/apache/commons/commons-exec/1.3/commons-exec-1.3.jar:/Users/otkurghojash/.m2/repository/commons-net/commons-net/3.4/commons-net-3.4.jar:/Users/otkurghojash/.m2/repository/com/github/tulskiy/jkeymaster/1.2/jkeymaster-1.2.jar:/Users/otkurghojash/.m2/repository/net/java/dev/jna/jna/4.2.1/jna-4.2.1.jar:/Users/otkurghojash/.m2/repository/com/melloware/jintellitype/1.3.7/jintellitype-1.3.7.jar:/Users/otkurghojash/.m2/repository/com/nativelibs4java/bridj/0.7.0/bridj-0.7.0.jar:/Users/otkurghojash/.m2/repository/com/google/android/tools/dx/1.7/dx-1.7.jar:/Users/otkurghojash/.m2/repository/com/sikulix/sikulixlibsmac/1.1.1/sikulixlibsmac-1.1.1.jar:/Users/otkurghojash/.m2/repository/com/sikulix/sikulix2tigervnc/2.0.0-SNAPSHOT/sikulix2tigervnc-2.0.0-SNAPSHOT.jar:/Users/otkurghojash/.m2/repository/org/seleniumhq/selenium/selenium-htmlunit-driver/2.52.0/selenium-htmlunit-driver-2.52.0.jar:/Users/otkurghojash/.m2/repository/net/sourceforge/htmlunit/htmlunit/2.18/htmlunit-2.18.jar:/Users/otkurghojash/.m2/repository/xalan/xalan/2.7.2/xalan-2.7.2.jar:/Users/otkurghojash/.m2/repository/xalan/serializer/2.7.2/serializer-2.7.2.jar:/Users/otkurghojash/.m2/repository/net/sourceforge/htmlunit/htmlunit-core-js/2.17/htmlunit-core-js-2.17.jar:/Users/otkurghojash/.m2/repository/xerces/xercesImpl/2.11.0/xercesImpl-2.11.0.jar:/Users/otkurghojash/.m2/repository/xml-apis/xml-apis/1.4.01/xml-apis-1.4.01.jar:/Users/otkurghojash/.m2/repository/net/sourceforge/nekohtml/nekohtml/1.9.22/nekohtml-1.9.22.jar:/Users/otkurghojash/.m2/repository/net/sourceforge/cssparser/cssparser/0.9.16/cssparser-0.9.16.jar:/Users/otkurghojash/.m2/repository/org/w3c/css/sac/1.3/sac-1.3.jar:/Users/otkurghojash/.m2/repository/org/eclipse/jetty/websocket/websocket-client/9.2.12.v20150709/websocket-client-9.2.12.v20150709.jar:/Users/otkurghojash/.m2/repository/org/eclipse/jetty/jetty-util/9.2.12.v20150709/jetty-util-9.2.12.v20150709.jar:/Users/otkurghojash/.m2/repository/org/eclipse/jetty/jetty-io/9.2.12.v20150709/jetty-io-9.2.12.v20150709.jar:/Users/otkurghojash/.m2/repository/org/eclipse/jetty/websocket/websocket-common/9.2.12.v20150709/websocket-common-9.2.12.v20150709.jar:/Users/otkurghojash/.m2/repository/org/eclipse/jetty/websocket/websocket-api/9.2.12.v20150709/websocket-api-9.2.12.v20150709.jar:/Users/otkurghojash/.m2/repository/commons-collections/commons-collections/3.2.2/commons-collections-3.2.2.jar:/Users/otkurghojash/.m2/repository/com/google/zxing/core/3.4.0/core-3.4.0.jar:/Users/otkurghojash/.m2/repository/com/google/zxing/javase/3.4.0/javase-3.4.0.jar:/Users/otkurghojash/.m2/repository/com/github/jai-imageio/jai-imageio-core/1.4.0/jai-imageio-core-1.4.0.jar:/Users/otkurghojash/.m2/repository/org/apache/poi/poi/4.1.1/poi-4.1.1.jar:/Users/otkurghojash/.m2/repository/commons-codec/commons-codec/1.13/commons-codec-1.13.jar:/Users/otkurghojash/.m2/repository/org/apache/commons/commons-collections4/4.4/commons-collections4-4.4.jar:/Users/otkurghojash/.m2/repository/org/apache/commons/commons-math3/3.6.1/commons-math3-3.6.1.jar:/Users/otkurghojash/.m2/repository/org/apache/poi/poi-ooxml/4.1.1/poi-ooxml-4.1.1.jar:/Users/otkurghojash/.m2/repository/org/apache/poi/poi-ooxml-schemas/4.1.1/poi-ooxml-schemas-4.1.1.jar:/Users/otkurghojash/.m2/repository/org/apache/xmlbeans/xmlbeans/3.1.0/xmlbeans-3.1.0.jar:/Users/otkurghojash/.m2/repository/org/apache/commons/commons-compress/1.19/commons-compress-1.19.jar:/Users/otkurghojash/.m2/repository/com/github/virtuald/curvesapi/1.06/curvesapi-1.06.jar:/Users/otkurghojash/.m2/repository/net/sourceforge/jexcelapi/jxl/2.6.12/jxl-2.6.12.jar:/Users/otkurghojash/.m2/repository/log4j/log4j/1.2.14/log4j-1.2.14.jar:/Users/otkurghojash/.m2/repository/ru/yandex/qatools/ashot/ashot/1.5.3/ashot-1.5.3.jar:/Users/otkurghojash/.m2/repository/org/hamcrest/hamcrest-core/1.3/hamcrest-core-1.3.jar:/Users/otkurghojash/.m2/repository/com/googlecode/lambdaj/lambdaj/2.3.3/lambdaj-2.3.3.jar:/Users/otkurghojash/.m2/repository/org/objenesis/objenesis/1.2/objenesis-1.2.jar:/Users/otkurghojash/.m2/repository/cglib/cglib-nodep/2.2/cglib-nodep-2.2.jar:/Users/otkurghojash/.m2/repository/com/google/code/gson/gson/2.8.6/gson-2.8.6.jar:/Users/otkurghojash/.m2/repository/org/hamcrest/hamcrest-all/1.3/hamcrest-all-1.3.jar:/Users/otkurghojash/.m2/repository/com/github/stephenc/monte/monte-screen-recorder/0.7.7.0/monte-screen-recorder-0.7.7.0.jar:/Users/otkurghojash/.m2/repository/com/fasterxml/jackson/core/jackson-databind/2.9.4/jackson-databind-2.9.4.jar:/Users/otkurghojash/.m2/repository/com/fasterxml/jackson/core/jackson-annotations/2.9.0/jackson-annotations-2.9.0.jar:/Users/otkurghojash/.m2/repository/com/fasterxml/jackson/core/jackson-core/2.9.4/jackson-core-2.9.4.jar:"/>
    <property name="sun.cpu.endian" value="little"/>
    <property name="user.home" value="/Users/otkurghojash"/>
    <property name="user.language" value="en"/>
    <property name="java.specification.vendor" value="Oracle Corporation"/>
    <property name="java.home" value="/Library/Java/JavaVirtualMachines/adoptopenjdk-8.jdk/Contents/Home/jre"/>
    <property name="basedir" value="/Users/otkurghojash/eclipse-workspace/JenkinsCI"/>
    <property name="file.separator" value="/"/>
    <property name="line.separator" value="&#10;"/>
    <property name="java.vm.specification.vendor" value="Oracle Corporation"/>
    <property name="java.specification.name" value="Java Platform API Specification"/>
    <property name="java.awt.graphicsenv" value="sun.awt.CGraphicsEnvironment"/>
    <property name="surefire.real.class.path" value="/Users/otkurghojash/eclipse-workspace/JenkinsCI/target/surefire/surefirebooter9086022346123990802.jar"/>
    <property name="sun.boot.class.path" value="/Library/Java/JavaVirtualMachines/adoptopenjdk-8.jdk/Contents/Home/jre/lib/resources.jar:/Library/Java/JavaVirtualMachines/adoptopenjdk-8.jdk/Contents/Home/jre/lib/rt.jar:/Library/Java/JavaVirtualMachines/adoptopenjdk-8.jdk/Contents/Home/jre/lib/sunrsasign.jar:/Library/Java/JavaVirtualMachines/adoptopenjdk-8.jdk/Contents/Home/jre/lib/jsse.jar:/Library/Java/JavaVirtualMachines/adoptopenjdk-8.jdk/Contents/Home/jre/lib/jce.jar:/Library/Java/JavaVirtualMachines/adoptopenjdk-8.jdk/Contents/Home/jre/lib/charsets.jar:/Library/Java/JavaVirtualMachines/adoptopenjdk-8.jdk/Contents/Home/jre/lib/jfr.jar:/Library/Java/JavaVirtualMachines/adoptopenjdk-8.jdk/Contents/Home/jre/classes"/>
    <property name="sun.management.compiler" value="HotSpot 64-Bit Tiered Compilers"/>
    <property name="ftp.nonProxyHosts" value="local|*.local|169.254/16|*.169.254/16"/>
    <property name="java.runtime.version" value="1.8.0_242-b08"/>
    <property name="user.name" value="otkurghojash"/>
    <property name="path.separator" value=":"/>
    <property name="os.version" value="10.15.3"/>
    <property name="java.endorsed.dirs" value="/Library/Java/JavaVirtualMachines/adoptopenjdk-8.jdk/Contents/Home/jre/lib/endorsed"/>
    <property name="java.runtime.name" value="OpenJDK Runtime Environment"/>
    <property name="file.encoding" value="UTF-8"/>
    <property name="java.vm.name" value="OpenJDK 64-Bit Server VM"/>
    <property name="localRepository" value="/Users/otkurghojash/.m2/repository"/>
    <property name="java.vendor.url.bug" value="http://bugreport.sun.com/bugreport/"/>
    <property name="java.io.tmpdir" value="/var/folders/gz/5kpvjpln2xld5wn96lbnvmlc0000gn/T/"/>
    <property name="java.version" value="1.8.0_242"/>
    <property name="user.dir" value="/Users/otkurghojash/eclipse-workspace/JenkinsCI"/>
    <property name="os.arch" value="x86_64"/>
    <property name="java.vm.specification.name" value="Java Virtual Machine Specification"/>
    <property name="java.awt.printerjob" value="sun.lwawt.macosx.CPrinterJob"/>
    <property name="sun.os.patch.level" value="unknown"/>
    <property name="java.library.path" value="/Users/otkurghojash/Library/Java/Extensions:/Library/Java/Extensions:/Network/Library/Java/Extensions:/System/Library/Java/Extensions:/usr/lib/java:."/>
    <property name="java.vm.info" value="mixed mode"/>
    <property name="java.vendor" value="AdoptOpenJDK"/>
    <property name="java.vm.version" value="25.242-b08"/>
    <property name="java.ext.dirs" value="/Users/otkurghojash/Library/Java/Extensions:/Library/Java/JavaVirtualMachines/adoptopenjdk-8.jdk/Contents/Home/jre/lib/ext:/Library/Java/Extensions:/Network/Library/Java/Extensions:/System/Library/Java/Extensions:/usr/lib/java"/>
    <property name="sun.io.unicode.encoding" value="UnicodeBig"/>
    <property name="java.class.version" value="52.0"/>
    <property name="socksNonProxyHosts" value="local|*.local|169.254/16|*.169.254/16"/>
  </properties>
  <testcase name="googleSearch" classname="jenkins.tests.GoogleTest" time="5.755"/>
</testsuite>