<?xml version="1.0" encoding="UTF-8"?>
<!-- Generated by org.testng.reporters.JUnitReportReporter -->
<testsuite hostname="Otkurs-MacBook-Pro.local" failures="0" tests="1" name="jenkins.tests.SearchTest" time="13.539" errors="0" timestamp="2020-04-03T13:35:27 EDT" skipped="0">
  <testcase classname="jenkins.tests.SearchTest" name="searchResultTest" time="13.539"/>
</testsuite> <!-- jenkins.tests.SearchTest -->
