<?xml version="1.0" encoding="UTF-8"?>
<!-- Generated by org.testng.reporters.JUnitReportReporter -->
<testsuite hostname="Otkurs-MacBook-Pro.local" failures="0" tests="1" name="jenkins.tests.GoogleTest" time="7.237" errors="0" timestamp="2020-04-03T00:56:30 EDT" skipped="0">
  <testcase classname="jenkins.tests.GoogleTest" name="googleSearch" time="7.237"/>
</testsuite> <!-- jenkins.tests.GoogleTest -->
