<?xml version="1.0" encoding="UTF-8"?>
<!-- Generated by org.testng.reporters.JUnitReportReporter -->
<testsuite skipped="0" hostname="Otkurs-MacBook-Pro.local" name="jenkins.tests.GoogleTest" tests="1" failures="0" timestamp="2020-04-03T01:21:38 EDT" time="8.433" errors="0">
  <testcase name="googleSearch" time="8.433" classname="jenkins.tests.GoogleTest"/>
</testsuite> <!-- jenkins.tests.GoogleTest -->
