<?xml version="1.0" encoding="UTF-8"?>
<!-- Generated by org.testng.reporters.JUnitReportReporter -->
<testsuite skipped="0" hostname="Otkurs-MacBook-Pro.local" name="jenkins.tests.SearchTest" tests="1" failures="0" timestamp="2020-04-03T13:45:42 EDT" time="13.855" errors="0">
  <testcase name="searchResultTest" time="13.855" classname="jenkins.tests.SearchTest"/>
</testsuite> <!-- jenkins.tests.SearchTest -->
